<?xml version="1.0" encoding="UTF-8"?>
<coverage generated="1749509161481" clover="3.2.0">
  <project timestamp="1749509161481" name="All files">
    <metrics statements="18" coveredstatements="18" conditionals="2" coveredconditionals="2" methods="4" coveredmethods="4" elements="24" coveredelements="24" complexity="0" loc="18" ncloc="18" packages="2" files="2" classes="2"/>
    <package name="components">
      <metrics statements="4" coveredstatements="4" conditionals="0" coveredconditionals="0" methods="1" coveredmethods="1"/>
      <file name="Navbar.tsx" path="/app/client/cater-me-up/src/components/Navbar.tsx">
        <metrics statements="4" coveredstatements="4" conditionals="0" coveredconditionals="0" methods="1" coveredmethods="1"/>
        <line num="1" count="1" type="stmt"/>
        <line num="2" count="1" type="stmt"/>
        <line num="4" count="1" type="stmt"/>
        <line num="25" count="4" type="stmt"/>
      </file>
    </package>
    <package name="utils">
      <metrics statements="14" coveredstatements="14" conditionals="2" coveredconditionals="2" methods="3" coveredmethods="3"/>
      <file name="menuHelpers.ts" path="/app/client/cater-me-up/src/utils/menuHelpers.ts">
        <metrics statements="14" coveredstatements="14" conditionals="2" coveredconditionals="2" methods="3" coveredmethods="3"/>
        <line num="1" count="6" type="stmt"/>
        <line num="3" count="10" type="stmt"/>
        <line num="6" count="10" type="stmt"/>
        <line num="9" count="10" type="stmt"/>
        <line num="12" count="10" type="stmt"/>
        <line num="15" count="10" type="stmt"/>
        <line num="18" count="10" type="stmt"/>
        <line num="21" count="10" type="stmt"/>
        <line num="24" count="10" type="stmt"/>
        <line num="26" count="10" type="stmt"/>
        <line num="29" count="4" type="stmt"/>
        <line num="30" count="4" type="stmt"/>
        <line num="31" count="4" type="stmt"/>
        <line num="32" count="4" type="cond" truecount="2" falsecount="0"/>
      </file>
    </package>
  </project>
</coverage>
