{"/app/client/cater-me-up/src/components/Navbar.tsx": {"path":"/app/client/cater-me-up/src/components/Navbar.tsx","statementMap":{"0":{"start":{"line":25,"column":0},"end":{"line":25,"column":15}},"1":{"start":{"line":1,"column":18},"end":{"line":1,"column":null}},"2":{"start":{"line":2,"column":17},"end":{"line":2,"column":null}},"3":{"start":{"line":4,"column":15},"end":{"line":23,"column":null}},"4":{"start":{"line":25,"column":15},"end":{"line":25,"column":null}}},"fnMap":{"0":{"name":"(anonymous_2)","decl":{"start":{"line":4,"column":15},"end":{"line":4,"column":null}},"loc":{"start":{"line":4,"column":15},"end":{"line":23,"column":null}}}},"branchMap":{},"s":{"0":4,"1":1,"2":1,"3":1,"4":1},"f":{"0":4},"b":{}}
,"/app/client/cater-me-up/src/utils/menuHelpers.ts": {"path":"/app/client/cater-me-up/src/utils/menuHelpers.ts","statementMap":{"0":{"start":{"line":29,"column":13},"end":{"line":29,"column":27}},"1":{"start":{"line":1,"column":13},"end":{"line":1,"column":22}},"2":{"start":{"line":1,"column":22},"end":{"line":27,"column":null}},"3":{"start":{"line":3,"column":13},"end":{"line":3,"column":null}},"4":{"start":{"line":6,"column":2},"end":{"line":6,"column":null}},"5":{"start":{"line":9,"column":2},"end":{"line":9,"column":null}},"6":{"start":{"line":12,"column":2},"end":{"line":12,"column":null}},"7":{"start":{"line":15,"column":2},"end":{"line":15,"column":null}},"8":{"start":{"line":18,"column":2},"end":{"line":18,"column":null}},"9":{"start":{"line":21,"column":2},"end":{"line":21,"column":null}},"10":{"start":{"line":24,"column":2},"end":{"line":24,"column":null}},"11":{"start":{"line":26,"column":2},"end":{"line":26,"column":null}},"12":{"start":{"line":29,"column":27},"end":{"line":34,"column":null}},"13":{"start":{"line":30,"column":2},"end":{"line":33,"column":null}},"14":{"start":{"line":31,"column":21},"end":{"line":31,"column":null}},"15":{"start":{"line":32,"column":4},"end":{"line":32,"column":null}}},"fnMap":{"0":{"name":"(anonymous_3)","decl":{"start":{"line":1,"column":22},"end":{"line":1,"column":23}},"loc":{"start":{"line":1,"column":23},"end":{"line":27,"column":null}}},"1":{"name":"(anonymous_4)","decl":{"start":{"line":29,"column":27},"end":{"line":29,"column":28}},"loc":{"start":{"line":29,"column":67},"end":{"line":34,"column":null}}},"2":{"name":"(anonymous_5)","decl":{"start":{"line":30,"column":29},"end":{"line":30,"column":null}},"loc":{"start":{"line":30,"column":29},"end":{"line":33,"column":null}}}},"branchMap":{"0":{"loc":{"start":{"line":32,"column":11},"end":{"line":32,"column":null}},"type":"binary-expr","locations":[{"start":{"line":32,"column":11},"end":{"line":32,"column":47}},{"start":{"line":32,"column":47},"end":{"line":32,"column":null}}]}},"s":{"0":4,"1":6,"2":1,"3":10,"4":10,"5":10,"6":10,"7":10,"8":10,"9":10,"10":10,"11":10,"12":1,"13":4,"14":4,"15":4},"f":{"0":10,"1":4,"2":4},"b":{"0":[4,2]}}
}
