TN:
SF:src/components/Navbar.tsx
FN:4,(anonymous_2)
FNF:1
FNH:1
FNDA:4,(anonymous_2)
DA:1,1
DA:2,1
DA:4,1
DA:25,4
LF:4
LH:4
BRF:0
BRH:0
end_of_record
TN:
SF:src/utils/menuHelpers.ts
FN:1,(anonymous_3)
FN:29,(anonymous_4)
FN:30,(anonymous_5)
FNF:3
FNH:3
FNDA:10,(anonymous_3)
FNDA:4,(anonymous_4)
FNDA:4,(anonymous_5)
DA:1,6
DA:3,10
DA:6,10
DA:9,10
DA:12,10
DA:15,10
DA:18,10
DA:21,10
DA:24,10
DA:26,10
DA:29,4
DA:30,4
DA:31,4
DA:32,4
LF:14
LH:14
BRDA:32,0,0,4
BRDA:32,0,1,2
BRF:2
BRH:2
end_of_record
